<?xml version="1.0" encoding="UTF-8"?>
<!-- Generated by org.testng.reporters.JUnitXMLReporter -->
<testsuite ignored="0" hostname="DESKTOP-OF1IT6T" failures="1" tests="1" name="CinemaTest" time="0.091" errors="0" timestamp="02 Aug 2020 18:20:02 GMT">
  <testcase classname="GCC.TestCases.Login_TC_001" name="login" time="0.052">
    <failure type="java.lang.NullPointerException">
      <![CDATA[java.lang.NullPointerException
	at org.openqa.selenium.support.pagefactory.DefaultElementLocator.findElement(DefaultElementLocator.java:69)
	at org.openqa.selenium.support.pagefactory.internal.LocatingElementHandler.invoke(LocatingElementHandler.java:38)
	at com.sun.proxy.$Proxy9.sendKeys(Unknown Source)
	at GCC.PageObjects.LoginPage.setEmail(LoginPage.java:29)
	at GCC.TestCases.Login_TC_001.login(Login_TC_001.java:16)
... Removed 25 stack frames]]>
    </failure>
  </testcase> <!-- login -->
</testsuite> <!-- CinemaTest -->
