<?xml version="1.0" encoding="UTF-8"?>
<testng-results ignored="0" total="1" passed="0" failed="0" skipped="1">
  <reporter-output>
  </reporter-output>
  <suite started-at="2020-10-17T03:01:52Z" name="Default suite" finished-at="2020-10-17T03:01:57Z" duration-ms="5475">
    <groups>
    </groups>
    <test started-at="2020-10-17T03:01:52Z" name="Default test" finished-at="2020-10-17T03:01:57Z" duration-ms="5475">
      <class name="GCC.TestCases.Login_TC_001">
        <test-method is-config="true" signature="LaunchChrome()[pri:0, instance:GCC.TestCases.Login_TC_001@576d5deb]" started-at="2020-10-16T20:01:52Z" name="LaunchChrome" finished-at="2020-10-16T20:01:52Z" duration-ms="0" status="FAIL">
          <exception class="org.openqa.selenium.SessionNotCreatedException">
            <message>
              <![CDATA[session not created: This version of ChromeDriver only supports Chrome version 83
Build info: version: '3.141.59', revision: 'e82be7d358', time: '2018-11-14T08:17:03'
System info: host: 'DESKTOP-OF1IT6T', ip: '172.20.10.3', os.name: 'Windows 10', os.arch: 'amd64', os.version: '10.0', java.version: '14'
Driver info: driver.version: ChromeDriver
remote stacktrace: Backtrace:
	Ordinal0 [0x00419563+2725219]
	Ordinal0 [0x00318551+1672529]
	Ordinal0 [0x00200359+525145]
	Ordinal0 [0x00190B77+68471]
	Ordinal0 [0x0018D32C+54060]
	Ordinal0 [0x001ACC37+183351]
	Ordinal0 [0x001ACA3D+182845]
	Ordinal0 [0x001AA94B+174411]
	Ordinal0 [0x00192528+75048]
	Ordinal0 [0x001935A0+79264]
	Ordinal0 [0x00193539+79161]
	Ordinal0 [0x0032D607+1758727]
	GetHandleVerifier [0x00536546+1050150]
	GetHandleVerifier [0x00536291+1049457]
	GetHandleVerifier [0x005410D7+1094071]
	GetHandleVerifier [0x00536B46+1051686]
	Ordinal0 [0x00325B06+1727238]
	Ordinal0 [0x0032EB7B+1764219]
	Ordinal0 [0x0032ECE3+1764579]
	Ordinal0 [0x00344C05+1854469]
	BaseThreadInitThunk [0x76D56359+25]
	RtlGetAppContainerNamedObjectPath [0x778F7B74+228]
	RtlGetAppContainerNamedObjectPath [0x778F7B44+180]
]]>
            </message>
            <full-stacktrace>
              <![CDATA[org.openqa.selenium.SessionNotCreatedException: session not created: This version of ChromeDriver only supports Chrome version 83
Build info: version: '3.141.59', revision: 'e82be7d358', time: '2018-11-14T08:17:03'
System info: host: 'DESKTOP-OF1IT6T', ip: '172.20.10.3', os.name: 'Windows 10', os.arch: 'amd64', os.version: '10.0', java.version: '14'
Driver info: driver.version: ChromeDriver
remote stacktrace: Backtrace:
	Ordinal0 [0x00419563+2725219]
	Ordinal0 [0x00318551+1672529]
	Ordinal0 [0x00200359+525145]
	Ordinal0 [0x00190B77+68471]
	Ordinal0 [0x0018D32C+54060]
	Ordinal0 [0x001ACC37+183351]
	Ordinal0 [0x001ACA3D+182845]
	Ordinal0 [0x001AA94B+174411]
	Ordinal0 [0x00192528+75048]
	Ordinal0 [0x001935A0+79264]
	Ordinal0 [0x00193539+79161]
	Ordinal0 [0x0032D607+1758727]
	GetHandleVerifier [0x00536546+1050150]
	GetHandleVerifier [0x00536291+1049457]
	GetHandleVerifier [0x005410D7+1094071]
	GetHandleVerifier [0x00536B46+1051686]
	Ordinal0 [0x00325B06+1727238]
	Ordinal0 [0x0032EB7B+1764219]
	Ordinal0 [0x0032ECE3+1764579]
	Ordinal0 [0x00344C05+1854469]
	BaseThreadInitThunk [0x76D56359+25]
	RtlGetAppContainerNamedObjectPath [0x778F7B74+228]
	RtlGetAppContainerNamedObjectPath [0x778F7B44+180]

	at java.base/jdk.internal.reflect.NativeConstructorAccessorImpl.newInstance0(Native Method)
	at java.base/jdk.internal.reflect.NativeConstructorAccessorImpl.newInstance(NativeConstructorAccessorImpl.java:62)
	at java.base/jdk.internal.reflect.DelegatingConstructorAccessorImpl.newInstance(DelegatingConstructorAccessorImpl.java:45)
	at java.base/java.lang.reflect.Constructor.newInstanceWithCaller(Constructor.java:500)
	at java.base/java.lang.reflect.Constructor.newInstance(Constructor.java:481)
	at org.openqa.selenium.remote.W3CHandshakeResponse.lambda$errorHandler$0(W3CHandshakeResponse.java:62)
	at org.openqa.selenium.remote.HandshakeResponse.lambda$getResponseFunction$0(HandshakeResponse.java:30)
	at org.openqa.selenium.remote.ProtocolHandshake.lambda$createSession$0(ProtocolHandshake.java:126)
	at java.base/java.util.stream.ReferencePipeline$3$1.accept(ReferencePipeline.java:195)
	at java.base/java.util.Spliterators$ArraySpliterator.tryAdvance(Spliterators.java:958)
	at java.base/java.util.stream.ReferencePipeline.forEachWithCancel(ReferencePipeline.java:127)
	at java.base/java.util.stream.AbstractPipeline.copyIntoWithCancel(AbstractPipeline.java:502)
	at java.base/java.util.stream.AbstractPipeline.copyInto(AbstractPipeline.java:488)
	at java.base/java.util.stream.AbstractPipeline.wrapAndCopyInto(AbstractPipeline.java:474)
	at java.base/java.util.stream.FindOps$FindOp.evaluateSequential(FindOps.java:150)
	at java.base/java.util.stream.AbstractPipeline.evaluate(AbstractPipeline.java:234)
	at java.base/java.util.stream.ReferencePipeline.findFirst(ReferencePipeline.java:543)
	at org.openqa.selenium.remote.ProtocolHandshake.createSession(ProtocolHandshake.java:128)
	at org.openqa.selenium.remote.ProtocolHandshake.createSession(ProtocolHandshake.java:74)
	at org.openqa.selenium.remote.HttpCommandExecutor.execute(HttpCommandExecutor.java:136)
	at org.openqa.selenium.remote.service.DriverCommandExecutor.execute(DriverCommandExecutor.java:83)
	at org.openqa.selenium.remote.RemoteWebDriver.execute(RemoteWebDriver.java:552)
	at org.openqa.selenium.remote.RemoteWebDriver.startSession(RemoteWebDriver.java:213)
	at org.openqa.selenium.remote.RemoteWebDriver.<init>(RemoteWebDriver.java:131)
	at org.openqa.selenium.chrome.ChromeDriver.<init>(ChromeDriver.java:181)
	at org.openqa.selenium.chrome.ChromeDriver.<init>(ChromeDriver.java:168)
	at org.openqa.selenium.chrome.ChromeDriver.<init>(ChromeDriver.java:123)
	at GCC.TestCases.BaseClass.LaunchChrome(BaseClass.java:22)
	at java.base/jdk.internal.reflect.NativeMethodAccessorImpl.invoke0(Native Method)
	at java.base/jdk.internal.reflect.NativeMethodAccessorImpl.invoke(NativeMethodAccessorImpl.java:62)
	at java.base/jdk.internal.reflect.DelegatingMethodAccessorImpl.invoke(DelegatingMethodAccessorImpl.java:43)
	at java.base/java.lang.reflect.Method.invoke(Method.java:564)
	at org.testng.internal.MethodInvocationHelper.invokeMethod(MethodInvocationHelper.java:104)
	at org.testng.internal.Invoker.invokeConfigurationMethod(Invoker.java:515)
	at org.testng.internal.Invoker.invokeConfigurations(Invoker.java:217)
	at org.testng.internal.Invoker.invokeConfigurations(Invoker.java:144)
	at org.testng.internal.TestMethodWorker.invokeBeforeClassMethods(TestMethodWorker.java:169)
	at org.testng.internal.TestMethodWorker.run(TestMethodWorker.java:108)
	at org.testng.TestRunner.privateRun(TestRunner.java:756)
	at org.testng.TestRunner.run(TestRunner.java:610)
	at org.testng.SuiteRunner.runTest(SuiteRunner.java:387)
	at org.testng.SuiteRunner.runSequentially(SuiteRunner.java:382)
	at org.testng.SuiteRunner.privateRun(SuiteRunner.java:340)
	at org.testng.SuiteRunner.run(SuiteRunner.java:289)
	at org.testng.SuiteRunnerWorker.runSuite(SuiteRunnerWorker.java:52)
	at org.testng.SuiteRunnerWorker.run(SuiteRunnerWorker.java:86)
	at org.testng.TestNG.runSuitesSequentially(TestNG.java:1293)
	at org.testng.TestNG.runSuitesLocally(TestNG.java:1218)
	at org.testng.TestNG.runSuites(TestNG.java:1133)
	at org.testng.TestNG.run(TestNG.java:1104)
	at org.testng.remote.AbstractRemoteTestNG.run(AbstractRemoteTestNG.java:115)
	at org.testng.remote.RemoteTestNG.initAndRun(RemoteTestNG.java:251)
	at org.testng.remote.RemoteTestNG.main(RemoteTestNG.java:77)
]]>
            </full-stacktrace>
          </exception> <!-- org.openqa.selenium.SessionNotCreatedException -->
          <reporter-output>
          </reporter-output>
        </test-method> <!-- LaunchChrome -->
        <test-method signature="login()[pri:0, instance:GCC.TestCases.Login_TC_001@576d5deb]" started-at="2020-10-16T20:01:57Z" name="login" finished-at="2020-10-16T20:01:57Z" duration-ms="4" status="SKIP">
          <exception class="org.openqa.selenium.SessionNotCreatedException">
            <message>
              <![CDATA[session not created: This version of ChromeDriver only supports Chrome version 83
Build info: version: '3.141.59', revision: 'e82be7d358', time: '2018-11-14T08:17:03'
System info: host: 'DESKTOP-OF1IT6T', ip: '172.20.10.3', os.name: 'Windows 10', os.arch: 'amd64', os.version: '10.0', java.version: '14'
Driver info: driver.version: ChromeDriver
remote stacktrace: Backtrace:
	Ordinal0 [0x00419563+2725219]
	Ordinal0 [0x00318551+1672529]
	Ordinal0 [0x00200359+525145]
	Ordinal0 [0x00190B77+68471]
	Ordinal0 [0x0018D32C+54060]
	Ordinal0 [0x001ACC37+183351]
	Ordinal0 [0x001ACA3D+182845]
	Ordinal0 [0x001AA94B+174411]
	Ordinal0 [0x00192528+75048]
	Ordinal0 [0x001935A0+79264]
	Ordinal0 [0x00193539+79161]
	Ordinal0 [0x0032D607+1758727]
	GetHandleVerifier [0x00536546+1050150]
	GetHandleVerifier [0x00536291+1049457]
	GetHandleVerifier [0x005410D7+1094071]
	GetHandleVerifier [0x00536B46+1051686]
	Ordinal0 [0x00325B06+1727238]
	Ordinal0 [0x0032EB7B+1764219]
	Ordinal0 [0x0032ECE3+1764579]
	Ordinal0 [0x00344C05+1854469]
	BaseThreadInitThunk [0x76D56359+25]
	RtlGetAppContainerNamedObjectPath [0x778F7B74+228]
	RtlGetAppContainerNamedObjectPath [0x778F7B44+180]
]]>
            </message>
            <full-stacktrace>
              <![CDATA[org.openqa.selenium.SessionNotCreatedException: session not created: This version of ChromeDriver only supports Chrome version 83
Build info: version: '3.141.59', revision: 'e82be7d358', time: '2018-11-14T08:17:03'
System info: host: 'DESKTOP-OF1IT6T', ip: '172.20.10.3', os.name: 'Windows 10', os.arch: 'amd64', os.version: '10.0', java.version: '14'
Driver info: driver.version: ChromeDriver
remote stacktrace: Backtrace:
	Ordinal0 [0x00419563+2725219]
	Ordinal0 [0x00318551+1672529]
	Ordinal0 [0x00200359+525145]
	Ordinal0 [0x00190B77+68471]
	Ordinal0 [0x0018D32C+54060]
	Ordinal0 [0x001ACC37+183351]
	Ordinal0 [0x001ACA3D+182845]
	Ordinal0 [0x001AA94B+174411]
	Ordinal0 [0x00192528+75048]
	Ordinal0 [0x001935A0+79264]
	Ordinal0 [0x00193539+79161]
	Ordinal0 [0x0032D607+1758727]
	GetHandleVerifier [0x00536546+1050150]
	GetHandleVerifier [0x00536291+1049457]
	GetHandleVerifier [0x005410D7+1094071]
	GetHandleVerifier [0x00536B46+1051686]
	Ordinal0 [0x00325B06+1727238]
	Ordinal0 [0x0032EB7B+1764219]
	Ordinal0 [0x0032ECE3+1764579]
	Ordinal0 [0x00344C05+1854469]
	BaseThreadInitThunk [0x76D56359+25]
	RtlGetAppContainerNamedObjectPath [0x778F7B74+228]
	RtlGetAppContainerNamedObjectPath [0x778F7B44+180]

	at java.base/jdk.internal.reflect.NativeConstructorAccessorImpl.newInstance0(Native Method)
	at java.base/jdk.internal.reflect.NativeConstructorAccessorImpl.newInstance(NativeConstructorAccessorImpl.java:62)
	at java.base/jdk.internal.reflect.DelegatingConstructorAccessorImpl.newInstance(DelegatingConstructorAccessorImpl.java:45)
	at java.base/java.lang.reflect.Constructor.newInstanceWithCaller(Constructor.java:500)
	at java.base/java.lang.reflect.Constructor.newInstance(Constructor.java:481)
	at org.openqa.selenium.remote.W3CHandshakeResponse.lambda$errorHandler$0(W3CHandshakeResponse.java:62)
	at org.openqa.selenium.remote.HandshakeResponse.lambda$getResponseFunction$0(HandshakeResponse.java:30)
	at org.openqa.selenium.remote.ProtocolHandshake.lambda$createSession$0(ProtocolHandshake.java:126)
	at java.base/java.util.stream.ReferencePipeline$3$1.accept(ReferencePipeline.java:195)
	at java.base/java.util.Spliterators$ArraySpliterator.tryAdvance(Spliterators.java:958)
	at java.base/java.util.stream.ReferencePipeline.forEachWithCancel(ReferencePipeline.java:127)
	at java.base/java.util.stream.AbstractPipeline.copyIntoWithCancel(AbstractPipeline.java:502)
	at java.base/java.util.stream.AbstractPipeline.copyInto(AbstractPipeline.java:488)
	at java.base/java.util.stream.AbstractPipeline.wrapAndCopyInto(AbstractPipeline.java:474)
	at java.base/java.util.stream.FindOps$FindOp.evaluateSequential(FindOps.java:150)
	at java.base/java.util.stream.AbstractPipeline.evaluate(AbstractPipeline.java:234)
	at java.base/java.util.stream.ReferencePipeline.findFirst(ReferencePipeline.java:543)
	at org.openqa.selenium.remote.ProtocolHandshake.createSession(ProtocolHandshake.java:128)
	at org.openqa.selenium.remote.ProtocolHandshake.createSession(ProtocolHandshake.java:74)
	at org.openqa.selenium.remote.HttpCommandExecutor.execute(HttpCommandExecutor.java:136)
	at org.openqa.selenium.remote.service.DriverCommandExecutor.execute(DriverCommandExecutor.java:83)
	at org.openqa.selenium.remote.RemoteWebDriver.execute(RemoteWebDriver.java:552)
	at org.openqa.selenium.remote.RemoteWebDriver.startSession(RemoteWebDriver.java:213)
	at org.openqa.selenium.remote.RemoteWebDriver.<init>(RemoteWebDriver.java:131)
	at org.openqa.selenium.chrome.ChromeDriver.<init>(ChromeDriver.java:181)
	at org.openqa.selenium.chrome.ChromeDriver.<init>(ChromeDriver.java:168)
	at org.openqa.selenium.chrome.ChromeDriver.<init>(ChromeDriver.java:123)
	at GCC.TestCases.BaseClass.LaunchChrome(BaseClass.java:22)
	at java.base/jdk.internal.reflect.NativeMethodAccessorImpl.invoke0(Native Method)
	at java.base/jdk.internal.reflect.NativeMethodAccessorImpl.invoke(NativeMethodAccessorImpl.java:62)
	at java.base/jdk.internal.reflect.DelegatingMethodAccessorImpl.invoke(DelegatingMethodAccessorImpl.java:43)
	at java.base/java.lang.reflect.Method.invoke(Method.java:564)
	at org.testng.internal.MethodInvocationHelper.invokeMethod(MethodInvocationHelper.java:104)
	at org.testng.internal.Invoker.invokeConfigurationMethod(Invoker.java:515)
	at org.testng.internal.Invoker.invokeConfigurations(Invoker.java:217)
	at org.testng.internal.Invoker.invokeConfigurations(Invoker.java:144)
	at org.testng.internal.TestMethodWorker.invokeBeforeClassMethods(TestMethodWorker.java:169)
	at org.testng.internal.TestMethodWorker.run(TestMethodWorker.java:108)
	at org.testng.TestRunner.privateRun(TestRunner.java:756)
	at org.testng.TestRunner.run(TestRunner.java:610)
	at org.testng.SuiteRunner.runTest(SuiteRunner.java:387)
	at org.testng.SuiteRunner.runSequentially(SuiteRunner.java:382)
	at org.testng.SuiteRunner.privateRun(SuiteRunner.java:340)
	at org.testng.SuiteRunner.run(SuiteRunner.java:289)
	at org.testng.SuiteRunnerWorker.runSuite(SuiteRunnerWorker.java:52)
	at org.testng.SuiteRunnerWorker.run(SuiteRunnerWorker.java:86)
	at org.testng.TestNG.runSuitesSequentially(TestNG.java:1293)
	at org.testng.TestNG.runSuitesLocally(TestNG.java:1218)
	at org.testng.TestNG.runSuites(TestNG.java:1133)
	at org.testng.TestNG.run(TestNG.java:1104)
	at org.testng.remote.AbstractRemoteTestNG.run(AbstractRemoteTestNG.java:115)
	at org.testng.remote.RemoteTestNG.initAndRun(RemoteTestNG.java:251)
	at org.testng.remote.RemoteTestNG.main(RemoteTestNG.java:77)
]]>
            </full-stacktrace>
          </exception> <!-- org.openqa.selenium.SessionNotCreatedException -->
          <reporter-output>
          </reporter-output>
        </test-method> <!-- login -->
        <test-method is-config="true" signature="teardown()[pri:0, instance:GCC.TestCases.Login_TC_001@576d5deb]" started-at="2020-10-16T20:01:57Z" name="teardown" finished-at="2020-10-16T20:01:57Z" duration-ms="0" status="SKIP">
          <reporter-output>
          </reporter-output>
        </test-method> <!-- teardown -->
      </class> <!-- GCC.TestCases.Login_TC_001 -->
    </test> <!-- Default test -->
  </suite> <!-- Default suite -->
</testng-results>
